<?xml version="1.0" encoding="UTF-8"?>
<persistence version="2.0" xmlns="http://java.sun.com/xml/ns/persistence" xmlns:xsi="http://www.w3.org/2001/XMLSchema-instance" xsi:schemaLocation="http://java.sun.com/xml/ns/persistence http://java.sun.com/xml/ns/persistence/persistence_2_0.xsd">
	<persistence-unit name="sales.persistence.jpa">
		<jta-data-source>testsongstock</jta-data-source>
		<class>sales.persistence.entities.ItemPK</class>
		<class>sales.persistence.entities.Item</class>
		<class>sales.persistence.entities.ShoppingCart</class>
		<class>sales.persistence.entities.PurchaseLogPK</class>
		<class>sales.persistence.entities.PurchaseLog</class>
	</persistence-unit>
</persistence>
